[2025-09-30T17:57:26.054+0000] {local_task_job_runner.py:120} INFO - ::group::Pre task execution logs
[2025-09-30T17:57:26.090+0000] {taskinstance.py:2076} INFO - Dependencies all met for dep_context=non-requeueable deps ti=<TaskInstance: dag4.task_tasks_data manual__2025-09-30T17:57:19.754568+00:00 [queued]>
[2025-09-30T17:57:26.102+0000] {taskinstance.py:2076} INFO - Dependencies all met for dep_context=requeueable deps ti=<TaskInstance: dag4.task_tasks_data manual__2025-09-30T17:57:19.754568+00:00 [queued]>
[2025-09-30T17:57:26.102+0000] {taskinstance.py:2306} INFO - Starting attempt 1 of 1
[2025-09-30T17:57:26.126+0000] {taskinstance.py:2330} INFO - Executing <Task(PythonOperator): task_tasks_data> on 2025-09-30 17:57:19.754568+00:00
[2025-09-30T17:57:26.136+0000] {warnings.py:112} WARNING - /home/***/.local/lib/python3.12/site-packages/***/task/task_runner/standard_task_runner.py:61: DeprecationWarning: This process (pid=347) is multi-threaded, use of fork() may lead to deadlocks in the child.
  pid = os.fork()

[2025-09-30T17:57:26.138+0000] {standard_task_runner.py:63} INFO - Started process 349 to run task
[2025-09-30T17:57:26.139+0000] {standard_task_runner.py:90} INFO - Running: ['***', 'tasks', 'run', 'dag4', 'task_tasks_data', 'manual__2025-09-30T17:57:19.754568+00:00', '--job-id', '79', '--raw', '--subdir', 'DAGS_FOLDER/dag4.py', '--cfg-path', '/tmp/tmprs4p28se']
[2025-09-30T17:57:26.143+0000] {standard_task_runner.py:91} INFO - Job 79: Subtask task_tasks_data
[2025-09-30T17:57:26.185+0000] {warnings.py:112} WARNING - /home/***/.local/lib/python3.12/site-packages/***/settings.py:195: DeprecationWarning: The sql_alchemy_conn option in [core] has been moved to the sql_alchemy_conn option in [database] - the old setting has been used, but please update your config.
  SQL_ALCHEMY_CONN = conf.get("database", "SQL_ALCHEMY_CONN")

[2025-09-30T17:57:26.258+0000] {task_command.py:426} INFO - Running <TaskInstance: dag4.task_tasks_data manual__2025-09-30T17:57:19.754568+00:00 [running]> on host 7cd44293b4c0
[2025-09-30T17:57:26.427+0000] {taskinstance.py:2648} INFO - Exporting env vars: AIRFLOW_CTX_DAG_OWNER='***' AIRFLOW_CTX_DAG_ID='dag4' AIRFLOW_CTX_TASK_ID='task_tasks_data' AIRFLOW_CTX_EXECUTION_DATE='2025-09-30T17:57:19.754568+00:00' AIRFLOW_CTX_TRY_NUMBER='1' AIRFLOW_CTX_DAG_RUN_ID='manual__2025-09-30T17:57:19.754568+00:00'
[2025-09-30T17:57:26.430+0000] {taskinstance.py:430} INFO - ::endgroup::
[2025-09-30T17:57:26.444+0000] {python.py:237} INFO - Done. Returned value was: None
[2025-09-30T17:57:26.445+0000] {taskinstance.py:441} INFO - ::group::Post task execution logs
[2025-09-30T17:57:26.460+0000] {taskinstance.py:1206} INFO - Marking task as SUCCESS. dag_id=dag4, task_id=task_tasks_data, run_id=manual__2025-09-30T17:57:19.754568+00:00, execution_date=20250930T175719, start_date=20250930T175726, end_date=20250930T175726
[2025-09-30T17:57:26.515+0000] {local_task_job_runner.py:240} INFO - Task exited with return code 0
[2025-09-30T17:57:26.552+0000] {taskinstance.py:3503} INFO - 0 downstream tasks scheduled from follow-on schedule check
[2025-09-30T17:57:26.559+0000] {local_task_job_runner.py:222} INFO - ::endgroup::
