[2025-09-30T17:43:42.500+0000] {local_task_job_runner.py:120} INFO - ::group::Pre task execution logs
[2025-09-30T17:43:42.536+0000] {taskinstance.py:2076} INFO - Dependencies all met for dep_context=non-requeueable deps ti=<TaskInstance: dag3.task_pwd manual__2025-09-30T17:43:30.915796+00:00 [queued]>
[2025-09-30T17:43:42.551+0000] {taskinstance.py:2076} INFO - Dependencies all met for dep_context=requeueable deps ti=<TaskInstance: dag3.task_pwd manual__2025-09-30T17:43:30.915796+00:00 [queued]>
[2025-09-30T17:43:42.552+0000] {taskinstance.py:2306} INFO - Starting attempt 1 of 1
[2025-09-30T17:43:42.582+0000] {taskinstance.py:2330} INFO - Executing <Task(PythonOperator): task_pwd> on 2025-09-30 17:43:30.915796+00:00
[2025-09-30T17:43:42.596+0000] {warnings.py:112} WARNING - /home/***/.local/lib/python3.12/site-packages/***/task/task_runner/standard_task_runner.py:61: DeprecationWarning: This process (pid=315) is multi-threaded, use of fork() may lead to deadlocks in the child.
  pid = os.fork()

[2025-09-30T17:43:42.599+0000] {standard_task_runner.py:63} INFO - Started process 317 to run task
[2025-09-30T17:43:42.601+0000] {standard_task_runner.py:90} INFO - Running: ['***', 'tasks', 'run', 'dag3', 'task_pwd', 'manual__2025-09-30T17:43:30.915796+00:00', '--job-id', '69', '--raw', '--subdir', 'DAGS_FOLDER/dag3.py', '--cfg-path', '/tmp/tmp7jbxmj0a']
[2025-09-30T17:43:42.606+0000] {standard_task_runner.py:91} INFO - Job 69: Subtask task_pwd
[2025-09-30T17:43:42.631+0000] {warnings.py:112} WARNING - /home/***/.local/lib/python3.12/site-packages/***/settings.py:195: DeprecationWarning: The sql_alchemy_conn option in [core] has been moved to the sql_alchemy_conn option in [database] - the old setting has been used, but please update your config.
  SQL_ALCHEMY_CONN = conf.get("database", "SQL_ALCHEMY_CONN")

[2025-09-30T17:43:42.721+0000] {task_command.py:426} INFO - Running <TaskInstance: dag3.task_pwd manual__2025-09-30T17:43:30.915796+00:00 [running]> on host 7cd44293b4c0
[2025-09-30T17:43:42.916+0000] {taskinstance.py:2648} INFO - Exporting env vars: AIRFLOW_CTX_DAG_OWNER='***' AIRFLOW_CTX_DAG_ID='dag3' AIRFLOW_CTX_TASK_ID='task_pwd' AIRFLOW_CTX_EXECUTION_DATE='2025-09-30T17:43:30.915796+00:00' AIRFLOW_CTX_TRY_NUMBER='1' AIRFLOW_CTX_DAG_RUN_ID='manual__2025-09-30T17:43:30.915796+00:00'
[2025-09-30T17:43:42.920+0000] {taskinstance.py:430} INFO - ::endgroup::
[2025-09-30T17:43:42.921+0000] {logging_mixin.py:188} INFO - 1
[2025-09-30T17:43:42.922+0000] {logging_mixin.py:188} INFO - 2
[2025-09-30T17:43:42.923+0000] {logging_mixin.py:188} INFO - 3
[2025-09-30T17:43:42.924+0000] {logging_mixin.py:188} INFO - 4
[2025-09-30T17:43:42.925+0000] {logging_mixin.py:188} INFO - 5
[2025-09-30T17:43:42.925+0000] {logging_mixin.py:188} INFO - 6
[2025-09-30T17:43:42.926+0000] {logging_mixin.py:188} INFO - 7
[2025-09-30T17:43:42.927+0000] {logging_mixin.py:188} INFO - 8
[2025-09-30T17:43:42.928+0000] {logging_mixin.py:188} INFO - 9
[2025-09-30T17:43:42.929+0000] {python.py:237} INFO - Done. Returned value was: None
[2025-09-30T17:43:42.930+0000] {taskinstance.py:441} INFO - ::group::Post task execution logs
[2025-09-30T17:43:42.947+0000] {taskinstance.py:1206} INFO - Marking task as SUCCESS. dag_id=dag3, task_id=task_pwd, run_id=manual__2025-09-30T17:43:30.915796+00:00, execution_date=20250930T174330, start_date=20250930T174342, end_date=20250930T174342
[2025-09-30T17:43:43.021+0000] {local_task_job_runner.py:240} INFO - Task exited with return code 0
[2025-09-30T17:43:43.070+0000] {taskinstance.py:3503} INFO - 0 downstream tasks scheduled from follow-on schedule check
[2025-09-30T17:43:43.074+0000] {local_task_job_runner.py:222} INFO - ::endgroup::
