[2025-09-30T18:14:18.341+0000] {local_task_job_runner.py:120} INFO - ::group::Pre task execution logs
[2025-09-30T18:14:18.442+0000] {taskinstance.py:2076} INFO - Dependencies all met for dep_context=non-requeueable deps ti=<TaskInstance: dag4.task_tasks_data manual__2025-09-30T18:14:07.931862+00:00 [queued]>
[2025-09-30T18:14:18.474+0000] {taskinstance.py:2076} INFO - Dependencies all met for dep_context=requeueable deps ti=<TaskInstance: dag4.task_tasks_data manual__2025-09-30T18:14:07.931862+00:00 [queued]>
[2025-09-30T18:14:18.475+0000] {taskinstance.py:2306} INFO - Starting attempt 1 of 1
[2025-09-30T18:14:18.559+0000] {taskinstance.py:2330} INFO - Executing <Task(PythonOperator): task_tasks_data> on 2025-09-30 18:14:07.931862+00:00
[2025-09-30T18:14:18.589+0000] {warnings.py:112} WARNING - /home/***/.local/lib/python3.12/site-packages/***/task/task_runner/standard_task_runner.py:61: DeprecationWarning: This process (pid=63) is multi-threaded, use of fork() may lead to deadlocks in the child.
  pid = os.fork()

[2025-09-30T18:14:18.594+0000] {standard_task_runner.py:90} INFO - Running: ['***', 'tasks', 'run', 'dag4', 'task_tasks_data', 'manual__2025-09-30T18:14:07.931862+00:00', '--job-id', '6', '--raw', '--subdir', 'DAGS_FOLDER/dag4.py', '--cfg-path', '/tmp/tmp6cm6rqwg']
[2025-09-30T18:14:18.651+0000] {standard_task_runner.py:63} INFO - Started process 65 to run task
[2025-09-30T18:14:18.659+0000] {standard_task_runner.py:91} INFO - Job 6: Subtask task_tasks_data
[2025-09-30T18:14:18.710+0000] {warnings.py:112} WARNING - /home/***/.local/lib/python3.12/site-packages/***/settings.py:195: DeprecationWarning: The sql_alchemy_conn option in [core] has been moved to the sql_alchemy_conn option in [database] - the old setting has been used, but please update your config.
  SQL_ALCHEMY_CONN = conf.get("database", "SQL_ALCHEMY_CONN")

[2025-09-30T18:14:18.856+0000] {task_command.py:426} INFO - Running <TaskInstance: dag4.task_tasks_data manual__2025-09-30T18:14:07.931862+00:00 [running]> on host c7a890046c7a
[2025-09-30T18:14:19.512+0000] {taskinstance.py:2648} INFO - Exporting env vars: AIRFLOW_CTX_DAG_OWNER='***' AIRFLOW_CTX_DAG_ID='dag4' AIRFLOW_CTX_TASK_ID='task_tasks_data' AIRFLOW_CTX_EXECUTION_DATE='2025-09-30T18:14:07.931862+00:00' AIRFLOW_CTX_TRY_NUMBER='1' AIRFLOW_CTX_DAG_RUN_ID='manual__2025-09-30T18:14:07.931862+00:00'
[2025-09-30T18:14:19.517+0000] {taskinstance.py:430} INFO - ::endgroup::
[2025-09-30T18:14:19.602+0000] {python.py:237} INFO - Done. Returned value was: None
[2025-09-30T18:14:19.604+0000] {taskinstance.py:441} INFO - ::group::Post task execution logs
[2025-09-30T18:14:19.656+0000] {taskinstance.py:1206} INFO - Marking task as SUCCESS. dag_id=dag4, task_id=task_tasks_data, run_id=manual__2025-09-30T18:14:07.931862+00:00, execution_date=20250930T181407, start_date=20250930T181418, end_date=20250930T181419
[2025-09-30T18:14:19.780+0000] {local_task_job_runner.py:240} INFO - Task exited with return code 0
[2025-09-30T18:14:19.812+0000] {local_task_job_runner.py:222} INFO - ::endgroup::
