[2025-09-30T18:14:28.283+0000] {local_task_job_runner.py:120} INFO - ::group::Pre task execution logs
[2025-09-30T18:14:28.358+0000] {taskinstance.py:2076} INFO - Dependencies all met for dep_context=non-requeueable deps ti=<TaskInstance: dag4.task_mail manual__2025-09-30T18:14:07.931862+00:00 [queued]>
[2025-09-30T18:14:28.391+0000] {taskinstance.py:2076} INFO - Dependencies all met for dep_context=requeueable deps ti=<TaskInstance: dag4.task_mail manual__2025-09-30T18:14:07.931862+00:00 [queued]>
[2025-09-30T18:14:28.393+0000] {taskinstance.py:2306} INFO - Starting attempt 1 of 1
[2025-09-30T18:14:28.474+0000] {taskinstance.py:2330} INFO - Executing <Task(EmailOperator): task_mail> on 2025-09-30 18:14:07.931862+00:00
[2025-09-30T18:14:28.522+0000] {warnings.py:112} WARNING - /home/***/.local/lib/python3.12/site-packages/***/task/task_runner/standard_task_runner.py:61: DeprecationWarning: This process (pid=66) is multi-threaded, use of fork() may lead to deadlocks in the child.
  pid = os.fork()

[2025-09-30T18:14:28.527+0000] {standard_task_runner.py:63} INFO - Started process 68 to run task
[2025-09-30T18:14:28.527+0000] {standard_task_runner.py:90} INFO - Running: ['***', 'tasks', 'run', 'dag4', 'task_mail', 'manual__2025-09-30T18:14:07.931862+00:00', '--job-id', '7', '--raw', '--subdir', 'DAGS_FOLDER/dag4.py', '--cfg-path', '/tmp/tmp_t22fltj']
[2025-09-30T18:14:28.537+0000] {standard_task_runner.py:91} INFO - Job 7: Subtask task_mail
[2025-09-30T18:14:28.582+0000] {warnings.py:112} WARNING - /home/***/.local/lib/python3.12/site-packages/***/settings.py:195: DeprecationWarning: The sql_alchemy_conn option in [core] has been moved to the sql_alchemy_conn option in [database] - the old setting has been used, but please update your config.
  SQL_ALCHEMY_CONN = conf.get("database", "SQL_ALCHEMY_CONN")

[2025-09-30T18:14:28.734+0000] {task_command.py:426} INFO - Running <TaskInstance: dag4.task_mail manual__2025-09-30T18:14:07.931862+00:00 [running]> on host c7a890046c7a
[2025-09-30T18:14:29.154+0000] {taskinstance.py:2648} INFO - Exporting env vars: AIRFLOW_CTX_DAG_OWNER='***' AIRFLOW_CTX_DAG_ID='dag4' AIRFLOW_CTX_TASK_ID='task_mail' AIRFLOW_CTX_EXECUTION_DATE='2025-09-30T18:14:07.931862+00:00' AIRFLOW_CTX_TRY_NUMBER='1' AIRFLOW_CTX_DAG_RUN_ID='manual__2025-09-30T18:14:07.931862+00:00'
[2025-09-30T18:14:29.183+0000] {taskinstance.py:430} INFO - ::endgroup::
[2025-09-30T18:14:29.349+0000] {warnings.py:112} WARNING - /home/***/.local/lib/python3.12/site-packages/***/utils/email.py:154: RemovedInAirflow3Warning: Fetching SMTP credentials from configuration variables will be deprecated in a future release. Please set credentials using a connection instead.
  send_mime_email(e_from=mail_from, e_to=recipients, mime_msg=msg, conn_id=conn_id, dryrun=dryrun)

[2025-09-30T18:14:29.352+0000] {email.py:271} INFO - Email alerting: attempt 1
[2025-09-30T18:14:30.580+0000] {email.py:282} INFO - Sent an alert email to ['abdullah.elmogy@gmail.com']
[2025-09-30T18:14:32.985+0000] {taskinstance.py:441} INFO - ::group::Post task execution logs
[2025-09-30T18:14:33.008+0000] {taskinstance.py:1206} INFO - Marking task as SUCCESS. dag_id=dag4, task_id=task_mail, run_id=manual__2025-09-30T18:14:07.931862+00:00, execution_date=20250930T181407, start_date=20250930T181428, end_date=20250930T181433
[2025-09-30T18:14:33.086+0000] {local_task_job_runner.py:240} INFO - Task exited with return code 0
[2025-09-30T18:14:33.146+0000] {taskinstance.py:3503} INFO - 0 downstream tasks scheduled from follow-on schedule check
[2025-09-30T18:14:33.151+0000] {local_task_job_runner.py:222} INFO - ::endgroup::
